Determining if the pthread_create exist failed with the following output:
Change Dir: /home/nvidia/Documents/USUPACR/distance-and-detection/build/CMakeFiles/CMakeTmp

Run Build Command:"/usr/bin/make" "cmTC_fbd90/fast"
/usr/bin/make -f CMakeFiles/cmTC_fbd90.dir/build.make CMakeFiles/cmTC_fbd90.dir/build
make[1]: Entering directory '/home/nvidia/Documents/USUPACR/distance-and-detection/build/CMakeFiles/CMakeTmp'
Building C object CMakeFiles/cmTC_fbd90.dir/CheckSymbolExists.c.o
/usr/bin/cc    -fPIC    -o CMakeFiles/cmTC_fbd90.dir/CheckSymbolExists.c.o   -c /home/nvidia/Documents/USUPACR/distance-and-detection/build/CMakeFiles/CMakeTmp/CheckSymbolExists.c
Linking C executable cmTC_fbd90
/usr/bin/cmake -E cmake_link_script CMakeFiles/cmTC_fbd90.dir/link.txt --verbose=1
/usr/bin/cc  -fPIC     CMakeFiles/cmTC_fbd90.dir/CheckSymbolExists.c.o  -o cmTC_fbd90 -rdynamic 
CMakeFiles/cmTC_fbd90.dir/CheckSymbolExists.c.o: In function `main':
CheckSymbolExists.c:(.text+0x14): undefined reference to `pthread_create'
CheckSymbolExists.c:(.text+0x18): undefined reference to `pthread_create'
collect2: error: ld returned 1 exit status
CMakeFiles/cmTC_fbd90.dir/build.make:97: recipe for target 'cmTC_fbd90' failed
make[1]: *** [cmTC_fbd90] Error 1
make[1]: Leaving directory '/home/nvidia/Documents/USUPACR/distance-and-detection/build/CMakeFiles/CMakeTmp'
Makefile:126: recipe for target 'cmTC_fbd90/fast' failed
make: *** [cmTC_fbd90/fast] Error 2

File /home/nvidia/Documents/USUPACR/distance-and-detection/build/CMakeFiles/CMakeTmp/CheckSymbolExists.c:
/* */
#include <pthread.h>

int main(int argc, char** argv)
{
  (void)argv;
#ifndef pthread_create
  return ((int*)(&pthread_create))[argc];
#else
  (void)argc;
  return 0;
#endif
}

Determining if the function pthread_create exists in the pthreads failed with the following output:
Change Dir: /home/nvidia/Documents/USUPACR/distance-and-detection/build/CMakeFiles/CMakeTmp

Run Build Command:"/usr/bin/make" "cmTC_86fb7/fast"
/usr/bin/make -f CMakeFiles/cmTC_86fb7.dir/build.make CMakeFiles/cmTC_86fb7.dir/build
make[1]: Entering directory '/home/nvidia/Documents/USUPACR/distance-and-detection/build/CMakeFiles/CMakeTmp'
Building C object CMakeFiles/cmTC_86fb7.dir/CheckFunctionExists.c.o
/usr/bin/cc    -fPIC -DCHECK_FUNCTION_EXISTS=pthread_create   -o CMakeFiles/cmTC_86fb7.dir/CheckFunctionExists.c.o   -c /usr/share/cmake-3.5/Modules/CheckFunctionExists.c
Linking C executable cmTC_86fb7
/usr/bin/cmake -E cmake_link_script CMakeFiles/cmTC_86fb7.dir/link.txt --verbose=1
/usr/bin/cc  -fPIC -DCHECK_FUNCTION_EXISTS=pthread_create    CMakeFiles/cmTC_86fb7.dir/CheckFunctionExists.c.o  -o cmTC_86fb7 -rdynamic -lpthreads 
/usr/bin/ld: cannot find -lpthreads
collect2: error: ld returned 1 exit status
CMakeFiles/cmTC_86fb7.dir/build.make:97: recipe for target 'cmTC_86fb7' failed
make[1]: *** [cmTC_86fb7] Error 1
make[1]: Leaving directory '/home/nvidia/Documents/USUPACR/distance-and-detection/build/CMakeFiles/CMakeTmp'
Makefile:126: recipe for target 'cmTC_86fb7/fast' failed
make: *** [cmTC_86fb7/fast] Error 2


Determining if the Q_WS_WIN exist failed with the following output:
Change Dir: /home/nvidia/Documents/USUPACR/distance-and-detection/build/CMakeFiles/CMakeTmp

Run Build Command:"/usr/bin/make" "cmTC_9692b/fast"
/usr/bin/make -f CMakeFiles/cmTC_9692b.dir/build.make CMakeFiles/cmTC_9692b.dir/build
make[1]: Entering directory '/home/nvidia/Documents/USUPACR/distance-and-detection/build/CMakeFiles/CMakeTmp'
Building CXX object CMakeFiles/cmTC_9692b.dir/CheckSymbolExists.cxx.o
/usr/bin/c++    -I/usr/include/qt4   -o CMakeFiles/cmTC_9692b.dir/CheckSymbolExists.cxx.o -c /home/nvidia/Documents/USUPACR/distance-and-detection/build/CMakeFiles/CMakeTmp/CheckSymbolExists.cxx
/home/nvidia/Documents/USUPACR/distance-and-detection/build/CMakeFiles/CMakeTmp/CheckSymbolExists.cxx: In function ‘int main(int, char**)’:
/home/nvidia/Documents/USUPACR/distance-and-detection/build/CMakeFiles/CMakeTmp/CheckSymbolExists.cxx:8:19: error: ‘Q_WS_WIN’ was not declared in this scope
   return ((int*)(&Q_WS_WIN))[argc];
                   ^
CMakeFiles/cmTC_9692b.dir/build.make:65: recipe for target 'CMakeFiles/cmTC_9692b.dir/CheckSymbolExists.cxx.o' failed
make[1]: *** [CMakeFiles/cmTC_9692b.dir/CheckSymbolExists.cxx.o] Error 1
make[1]: Leaving directory '/home/nvidia/Documents/USUPACR/distance-and-detection/build/CMakeFiles/CMakeTmp'
Makefile:126: recipe for target 'cmTC_9692b/fast' failed
make: *** [cmTC_9692b/fast] Error 2

File /home/nvidia/Documents/USUPACR/distance-and-detection/build/CMakeFiles/CMakeTmp/CheckSymbolExists.cxx:
/* */
#include <QtCore/qglobal.h>

int main(int argc, char** argv)
{
  (void)argv;
#ifndef Q_WS_WIN
  return ((int*)(&Q_WS_WIN))[argc];
#else
  (void)argc;
  return 0;
#endif
}

Determining if the Q_WS_QWS exist failed with the following output:
Change Dir: /home/nvidia/Documents/USUPACR/distance-and-detection/build/CMakeFiles/CMakeTmp

Run Build Command:"/usr/bin/make" "cmTC_dab54/fast"
/usr/bin/make -f CMakeFiles/cmTC_dab54.dir/build.make CMakeFiles/cmTC_dab54.dir/build
make[1]: Entering directory '/home/nvidia/Documents/USUPACR/distance-and-detection/build/CMakeFiles/CMakeTmp'
Building CXX object CMakeFiles/cmTC_dab54.dir/CheckSymbolExists.cxx.o
/usr/bin/c++    -I/usr/include/qt4   -o CMakeFiles/cmTC_dab54.dir/CheckSymbolExists.cxx.o -c /home/nvidia/Documents/USUPACR/distance-and-detection/build/CMakeFiles/CMakeTmp/CheckSymbolExists.cxx
/home/nvidia/Documents/USUPACR/distance-and-detection/build/CMakeFiles/CMakeTmp/CheckSymbolExists.cxx: In function ‘int main(int, char**)’:
/home/nvidia/Documents/USUPACR/distance-and-detection/build/CMakeFiles/CMakeTmp/CheckSymbolExists.cxx:8:19: error: ‘Q_WS_QWS’ was not declared in this scope
   return ((int*)(&Q_WS_QWS))[argc];
                   ^
CMakeFiles/cmTC_dab54.dir/build.make:65: recipe for target 'CMakeFiles/cmTC_dab54.dir/CheckSymbolExists.cxx.o' failed
make[1]: *** [CMakeFiles/cmTC_dab54.dir/CheckSymbolExists.cxx.o] Error 1
make[1]: Leaving directory '/home/nvidia/Documents/USUPACR/distance-and-detection/build/CMakeFiles/CMakeTmp'
Makefile:126: recipe for target 'cmTC_dab54/fast' failed
make: *** [cmTC_dab54/fast] Error 2

File /home/nvidia/Documents/USUPACR/distance-and-detection/build/CMakeFiles/CMakeTmp/CheckSymbolExists.cxx:
/* */
#include <QtCore/qglobal.h>

int main(int argc, char** argv)
{
  (void)argv;
#ifndef Q_WS_QWS
  return ((int*)(&Q_WS_QWS))[argc];
#else
  (void)argc;
  return 0;
#endif
}

Determining if the Q_WS_MAC exist failed with the following output:
Change Dir: /home/nvidia/Documents/USUPACR/distance-and-detection/build/CMakeFiles/CMakeTmp

Run Build Command:"/usr/bin/make" "cmTC_430d0/fast"
/usr/bin/make -f CMakeFiles/cmTC_430d0.dir/build.make CMakeFiles/cmTC_430d0.dir/build
make[1]: Entering directory '/home/nvidia/Documents/USUPACR/distance-and-detection/build/CMakeFiles/CMakeTmp'
Building CXX object CMakeFiles/cmTC_430d0.dir/CheckSymbolExists.cxx.o
/usr/bin/c++    -I/usr/include/qt4   -o CMakeFiles/cmTC_430d0.dir/CheckSymbolExists.cxx.o -c /home/nvidia/Documents/USUPACR/distance-and-detection/build/CMakeFiles/CMakeTmp/CheckSymbolExists.cxx
/home/nvidia/Documents/USUPACR/distance-and-detection/build/CMakeFiles/CMakeTmp/CheckSymbolExists.cxx: In function ‘int main(int, char**)’:
/home/nvidia/Documents/USUPACR/distance-and-detection/build/CMakeFiles/CMakeTmp/CheckSymbolExists.cxx:8:19: error: ‘Q_WS_MAC’ was not declared in this scope
   return ((int*)(&Q_WS_MAC))[argc];
                   ^
CMakeFiles/cmTC_430d0.dir/build.make:65: recipe for target 'CMakeFiles/cmTC_430d0.dir/CheckSymbolExists.cxx.o' failed
make[1]: *** [CMakeFiles/cmTC_430d0.dir/CheckSymbolExists.cxx.o] Error 1
make[1]: Leaving directory '/home/nvidia/Documents/USUPACR/distance-and-detection/build/CMakeFiles/CMakeTmp'
Makefile:126: recipe for target 'cmTC_430d0/fast' failed
make: *** [cmTC_430d0/fast] Error 2

File /home/nvidia/Documents/USUPACR/distance-and-detection/build/CMakeFiles/CMakeTmp/CheckSymbolExists.cxx:
/* */
#include <QtCore/qglobal.h>

int main(int argc, char** argv)
{
  (void)argv;
#ifndef Q_WS_MAC
  return ((int*)(&Q_WS_MAC))[argc];
#else
  (void)argc;
  return 0;
#endif
}

